<?xml version="1.0" encoding="UTF-8"?>
<!-- Generated by org.testng.reporters.JUnitXMLReporter -->
<testsuite hostname="LAPTOP-L272M27H" ignored="0" name="test1" tests="3" failures="0" timestamp="04 十二月 2019 00:32:00 GMT" time="31.86" errors="0">
  <testcase name="testLogin" time="6.815" classname="com.webtest.demo.Admin_Login"/>
  <testcase name="testZcxy1" time="5.023" classname="com.edu.yanxiaoqian.Test2"/>
  <testcase name="testZcxy2" time="15.733" classname="com.edu.yanxiaoqian.Test2"/>
</testsuite> <!-- test1 -->
